d:\data\research\drnhuresearch\projectsolution\projectsolution\x64\release\vc143.pdb
d:\data\research\drnhu\projectsolution\projectsolution\x64\release\vc143.pdb
d:\data\research\drnhu\projectsolution\projectsolution\x64\release\readpointcloud.obj
d:\data\research\drnhu\projectsolution\projectsolution\x64\release\generatepointcloud.obj
d:\data\research\drnhu\projectsolution\projectsolution\x64\release\extract2dboundingboxfrommaskimage.obj
d:\data\research\drnhu\projectsolution\projectsolution\x64\release\extractpointcloudinboundingbox.obj
d:\data\research\drnhu\projectsolution\projectsolution\x64\release\camera_calibration_sample.obj
d:\data\research\drnhu\projectsolution\projectsolution\x64\release\calibration.obj
d:\data\research\drnhu\projectsolution\projectsolution\x64\release\main.obj
d:\data\research\drnhu\projectsolution\x64\release\projectsolution.exe
d:\data\research\drnhu\projectsolution\projectsolution\x64\release\projectsolution.ipdb
d:\data\research\drnhu\projectsolution\x64\release\projectsolution.pdb
d:\data\research\drnhu\projectsolution\projectsolution\x64\release\projectsolution.iobj
d:\data\research\drnhu\projectsolution\projectsolution\x64\release\camera_calibration.obj
d:\data\research\drnhu\projectsolution\projectsolution\x64\release\convertpcdtoply.obj
d:\data\research\drnhu\projectsolution\projectsolution\x64\release\extract2dboundingboxto3dboundingbox.obj
d:\data\research\drnhu\projectsolution\projectsolution\x64\release\getbbox.obj
d:\data\research\drnhu\projectsolution\projectsolution\x64\release\matchingmaskanddepthimages.obj
d:\data\research\drnhu\projectsolution\projectsolution\x64\release\projectsolution.tlog\cl.command.1.tlog
d:\data\research\drnhu\projectsolution\projectsolution\x64\release\projectsolution.tlog\cl.read.1.tlog
d:\data\research\drnhu\projectsolution\projectsolution\x64\release\projectsolution.tlog\cl.write.1.tlog
d:\data\research\drnhu\projectsolution\projectsolution\x64\release\projectsolution.tlog\link.command.1.tlog
d:\data\research\drnhu\projectsolution\projectsolution\x64\release\projectsolution.tlog\link.read.1.tlog
d:\data\research\drnhu\projectsolution\projectsolution\x64\release\projectsolution.tlog\link.write.1.tlog
